Registry events initialized.
{
  "timestamp": "2025-10-11T15:02:37Z",
  "event": "blueprint_tagged",
  "version": "v4.2.0",
  "commit_hash": "7050f93",
  "blueprint": "v4.2",
  "root_24_lock": "active",
  "compliance_score": "100/100",
  "emitted_by": "registry_event_trigger.sh"
}
{
  "timestamp": "2025-10-11T15:47:09Z",
  "event": "governance_dashboard_added",
  "version": "v4.2.0",
  "commit_hash": "be922a7c28e242a11c1bfea5d0a6b36a66dd9143",
  "blueprint": "v4.2",
  "root_24_lock": "active",
  "compliance_score": "100/100",
  "emitted_by": "registry_event_trigger.sh"
}
{
  "timestamp": "2025-10-11T15:59:01Z",
  "event": "ci_automation_added",
  "version": "v4.2.1",
  "commit_hash": "5110f342abc64a6775972d9214e33206a5af15b1",
  "blueprint": "v4.2",
  "root_24_lock": "active",
  "compliance_score": "100/100",
  "emitted_by": "registry_event_trigger.sh"
}
{
  "timestamp": "2025-10-11T16:01:22Z",
  "event": "governance_bootstrap",
  "version": "v4.2.1",
  "commit_hash": "5110f342abc64a6775972d9214e33206a5af15b1",
  "blueprint": "v4.2",
  "root_24_lock": "active",
  "compliance_score": "100/100",
  "emitted_by": "registry_event_trigger.sh"
}
{
  "timestamp": "2025-10-11T16:05:11Z",
  "event": "governance_ecosystem_activated",
  "version": "v4.2.1",
  "commit_hash": "5110f342abc64a6775972d9214e33206a5af15b1",
  "blueprint": "v4.2",
  "root_24_lock": "active",
  "compliance_score": "100/100",
  "emitted_by": "registry_event_trigger.sh"
}
{
  "timestamp": "2025-10-11T16:08:39Z",
  "event": "governance_activation_committed",
  "version": "v4.2.1",
  "commit_hash": "51b058bfb8641a4a64bcdce599d122841bdd1f89",
  "blueprint": "v4.2",
  "root_24_lock": "active",
  "compliance_score": "100/100",
  "emitted_by": "registry_event_trigger.sh"
}
{
  "timestamp": "2025-10-11T18:38:31Z",
  "event": "blueprint_promotion_complete",
  "version": "v4.4.0",
  "commit_hash": "79976f0",
  "blueprint": "v4.2",
  "root_24_lock": "active",
  "compliance_score": "100/100",
  "emitted_by": "registry_event_trigger.sh"
}
{
  "timestamp": "2025-10-11T19:59:33Z",
  "event": "blueprint_v4.4_readiness_verification",
  "version": "v4.4.0",
  "commit_hash": "5bb8d2cdacdc9bc4b6c0ee8403fb589a2f4203db",
  "blueprint": "v4.2",
  "root_24_lock": "active",
  "compliance_score": "100/100",
  "emitted_by": "registry_event_trigger.sh"
}
{
  "timestamp": "2025-10-11T20:39:02Z",
  "event": "blueprint_v4.4_readiness_archive_complete",
  "version": "v4.4.0",
  "commit_hash": "dd89b7a81186aed5e8dcb6f8f8853e7e20e124a4a90a9f2b00b1af733e04780c",
  "blueprint": "v4.2",
  "root_24_lock": "active",
  "compliance_score": "100/100",
  "emitted_by": "registry_event_trigger.sh"
}
{
  "timestamp": "2025-10-11T20:44:55Z",
  "event": "blueprint_v4.4_certification_sealed",
  "version": "v4.4.0",
  "commit_hash": "dd89b7a81186aed5e8dcb6f8f8853e7e20e124a4a90a9f2b00b1af733e04780c",
  "blueprint": "v4.2",
  "root_24_lock": "active",
  "compliance_score": "100/100",
  "emitted_by": "registry_event_trigger.sh"
}
{
  "timestamp": "2025-10-11T21:05:37Z",
  "event": "blueprint_v4.5_prelaunch_initiated",
  "version": "v4.5.0",
  "commit_hash": "c50ccf13ce2f73550afa2f9900a58c8bf3f50b2a5946b17dcfcf5373edc2d587",
  "blueprint": "v4.2",
  "root_24_lock": "active",
  "compliance_score": "100/100",
  "emitted_by": "registry_event_trigger.sh"
}
{
  "timestamp": "2025-10-11T21:06:02Z",
  "event": "blueprint_v4.5_monitoring_ready",
  "version": "v4.5.0",
  "commit_hash": "ec1e163dc37408a91b8b5c209defd0131cfbc0d8c1a9b6437d3803b0c534b13c",
  "blueprint": "v4.2",
  "root_24_lock": "active",
  "compliance_score": "100/100",
  "emitted_by": "registry_event_trigger.sh"
}
